<?xml version="1.0" encoding="UTF-8"?>
<testsuite xmlns:xsi="http://www.w3.org/2001/XMLSchema-instance" xsi:noNamespaceSchemaLocation="https://maven.apache.org/surefire/maven-surefire-plugin/xsd/surefire-test-report-3.0.xsd" version="3.0" name="com.nagarro.training.miniassignmenttwo.controller.ApiControllerTest" time="7.251" tests="5" errors="0" skipped="0" failures="0">
  <properties>
    <property name="java.specification.version" value="17"/>
    <property name="sun.cpu.isalist" value="amd64"/>
    <property name="sun.jnu.encoding" value="Cp1252"/>
    <property name="java.class.path" value="C:\Users\Harsh Raj\eclipse-workspace\MiniAssignmentTwo\target\test-classes;C:\Users\Harsh Raj\eclipse-workspace\MiniAssignmentTwo\target\classes;C:\Users\Harsh Raj\.m2\repository\org\springframework\boot\spring-boot-starter-web\3.1.7-SNAPSHOT\spring-boot-starter-web-3.1.7-SNAPSHOT.jar;C:\Users\Harsh Raj\.m2\repository\org\springframework\boot\spring-boot-starter\3.1.7-SNAPSHOT\spring-boot-starter-3.1.7-SNAPSHOT.jar;C:\Users\Harsh Raj\.m2\repository\org\springframework\boot\spring-boot-starter-logging\3.1.7-SNAPSHOT\spring-boot-starter-logging-3.1.7-SNAPSHOT.jar;C:\Users\Harsh Raj\.m2\repository\ch\qos\logback\logback-classic\1.4.14\logback-classic-1.4.14.jar;C:\Users\Harsh Raj\.m2\repository\ch\qos\logback\logback-core\1.4.14\logback-core-1.4.14.jar;C:\Users\Harsh Raj\.m2\repository\org\apache\logging\log4j\log4j-to-slf4j\2.20.0\log4j-to-slf4j-2.20.0.jar;C:\Users\Harsh Raj\.m2\repository\org\apache\logging\log4j\log4j-api\2.20.0\log4j-api-2.20.0.jar;C:\Users\Harsh Raj\.m2\repository\org\slf4j\jul-to-slf4j\2.0.9\jul-to-slf4j-2.0.9.jar;C:\Users\Harsh Raj\.m2\repository\jakarta\annotation\jakarta.annotation-api\2.1.1\jakarta.annotation-api-2.1.1.jar;C:\Users\Harsh Raj\.m2\repository\org\yaml\snakeyaml\1.33\snakeyaml-1.33.jar;C:\Users\Harsh Raj\.m2\repository\org\springframework\boot\spring-boot-starter-json\3.1.7-SNAPSHOT\spring-boot-starter-json-3.1.7-SNAPSHOT.jar;C:\Users\Harsh Raj\.m2\repository\com\fasterxml\jackson\core\jackson-databind\2.15.3\jackson-databind-2.15.3.jar;C:\Users\Harsh Raj\.m2\repository\com\fasterxml\jackson\core\jackson-annotations\2.15.3\jackson-annotations-2.15.3.jar;C:\Users\Harsh Raj\.m2\repository\com\fasterxml\jackson\core\jackson-core\2.15.3\jackson-core-2.15.3.jar;C:\Users\Harsh Raj\.m2\repository\com\fasterxml\jackson\datatype\jackson-datatype-jdk8\2.15.3\jackson-datatype-jdk8-2.15.3.jar;C:\Users\Harsh Raj\.m2\repository\com\fasterxml\jackson\datatype\jackson-datatype-jsr310\2.15.3\jackson-datatype-jsr310-2.15.3.jar;C:\Users\Harsh Raj\.m2\repository\com\fasterxml\jackson\module\jackson-module-parameter-names\2.15.3\jackson-module-parameter-names-2.15.3.jar;C:\Users\Harsh Raj\.m2\repository\org\springframework\boot\spring-boot-starter-tomcat\3.1.7-SNAPSHOT\spring-boot-starter-tomcat-3.1.7-SNAPSHOT.jar;C:\Users\Harsh Raj\.m2\repository\org\apache\tomcat\embed\tomcat-embed-core\10.1.17\tomcat-embed-core-10.1.17.jar;C:\Users\Harsh Raj\.m2\repository\org\apache\tomcat\embed\tomcat-embed-el\10.1.17\tomcat-embed-el-10.1.17.jar;C:\Users\Harsh Raj\.m2\repository\org\apache\tomcat\embed\tomcat-embed-websocket\10.1.17\tomcat-embed-websocket-10.1.17.jar;C:\Users\Harsh Raj\.m2\repository\org\springframework\spring-web\6.0.15\spring-web-6.0.15.jar;C:\Users\Harsh Raj\.m2\repository\org\springframework\spring-beans\6.0.15\spring-beans-6.0.15.jar;C:\Users\Harsh Raj\.m2\repository\io\micrometer\micrometer-observation\1.11.7\micrometer-observation-1.11.7.jar;C:\Users\Harsh Raj\.m2\repository\io\micrometer\micrometer-commons\1.11.7\micrometer-commons-1.11.7.jar;C:\Users\Harsh Raj\.m2\repository\org\springframework\spring-webmvc\6.0.15\spring-webmvc-6.0.15.jar;C:\Users\Harsh Raj\.m2\repository\org\springframework\spring-aop\6.0.15\spring-aop-6.0.15.jar;C:\Users\Harsh Raj\.m2\repository\org\springframework\spring-context\6.0.15\spring-context-6.0.15.jar;C:\Users\Harsh Raj\.m2\repository\org\springframework\spring-expression\6.0.15\spring-expression-6.0.15.jar;C:\Users\Harsh Raj\.m2\repository\org\springframework\boot\spring-boot-starter-data-jpa\3.1.7-SNAPSHOT\spring-boot-starter-data-jpa-3.1.7-SNAPSHOT.jar;C:\Users\Harsh Raj\.m2\repository\org\springframework\boot\spring-boot-starter-aop\3.1.7-SNAPSHOT\spring-boot-starter-aop-3.1.7-SNAPSHOT.jar;C:\Users\Harsh Raj\.m2\repository\org\aspectj\aspectjweaver\1.9.21\aspectjweaver-1.9.21.jar;C:\Users\Harsh Raj\.m2\repository\org\springframework\boot\spring-boot-starter-jdbc\3.1.7-SNAPSHOT\spring-boot-starter-jdbc-3.1.7-SNAPSHOT.jar;C:\Users\Harsh Raj\.m2\repository\com\zaxxer\HikariCP\5.0.1\HikariCP-5.0.1.jar;C:\Users\Harsh Raj\.m2\repository\org\springframework\spring-jdbc\6.0.15\spring-jdbc-6.0.15.jar;C:\Users\Harsh Raj\.m2\repository\org\hibernate\orm\hibernate-core\6.2.17.Final\hibernate-core-6.2.17.Final.jar;C:\Users\Harsh Raj\.m2\repository\jakarta\persistence\jakarta.persistence-api\3.1.0\jakarta.persistence-api-3.1.0.jar;C:\Users\Harsh Raj\.m2\repository\jakarta\transaction\jakarta.transaction-api\2.0.1\jakarta.transaction-api-2.0.1.jar;C:\Users\Harsh Raj\.m2\repository\org\jboss\logging\jboss-logging\3.5.3.Final\jboss-logging-3.5.3.Final.jar;C:\Users\Harsh Raj\.m2\repository\org\hibernate\common\hibernate-commons-annotations\6.0.6.Final\hibernate-commons-annotations-6.0.6.Final.jar;C:\Users\Harsh Raj\.m2\repository\io\smallrye\jandex\3.0.5\jandex-3.0.5.jar;C:\Users\Harsh Raj\.m2\repository\com\fasterxml\classmate\1.5.1\classmate-1.5.1.jar;C:\Users\Harsh Raj\.m2\repository\org\glassfish\jaxb\jaxb-runtime\4.0.4\jaxb-runtime-4.0.4.jar;C:\Users\Harsh Raj\.m2\repository\org\glassfish\jaxb\jaxb-core\4.0.4\jaxb-core-4.0.4.jar;C:\Users\Harsh Raj\.m2\repository\org\eclipse\angus\angus-activation\2.0.1\angus-activation-2.0.1.jar;C:\Users\Harsh Raj\.m2\repository\org\glassfish\jaxb\txw2\4.0.4\txw2-4.0.4.jar;C:\Users\Harsh Raj\.m2\repository\com\sun\istack\istack-commons-runtime\4.1.2\istack-commons-runtime-4.1.2.jar;C:\Users\Harsh Raj\.m2\repository\jakarta\inject\jakarta.inject-api\2.0.1\jakarta.inject-api-2.0.1.jar;C:\Users\Harsh Raj\.m2\repository\org\antlr\antlr4-runtime\4.10.1\antlr4-runtime-4.10.1.jar;C:\Users\Harsh Raj\.m2\repository\org\springframework\data\spring-data-jpa\3.1.7\spring-data-jpa-3.1.7.jar;C:\Users\Harsh Raj\.m2\repository\org\springframework\data\spring-data-commons\3.1.7\spring-data-commons-3.1.7.jar;C:\Users\Harsh Raj\.m2\repository\org\springframework\spring-orm\6.0.15\spring-orm-6.0.15.jar;C:\Users\Harsh Raj\.m2\repository\org\springframework\spring-tx\6.0.15\spring-tx-6.0.15.jar;C:\Users\Harsh Raj\.m2\repository\org\slf4j\slf4j-api\2.0.9\slf4j-api-2.0.9.jar;C:\Users\Harsh Raj\.m2\repository\org\springframework\spring-aspects\6.0.15\spring-aspects-6.0.15.jar;C:\Users\Harsh Raj\.m2\repository\org\springframework\boot\spring-boot-devtools\3.1.7-SNAPSHOT\spring-boot-devtools-3.1.7-SNAPSHOT.jar;C:\Users\Harsh Raj\.m2\repository\org\springframework\boot\spring-boot\3.1.7-SNAPSHOT\spring-boot-3.1.7-SNAPSHOT.jar;C:\Users\Harsh Raj\.m2\repository\org\springframework\boot\spring-boot-autoconfigure\3.1.7-SNAPSHOT\spring-boot-autoconfigure-3.1.7-SNAPSHOT.jar;C:\Users\Harsh Raj\.m2\repository\org\springframework\boot\spring-boot-starter-test\3.1.7-SNAPSHOT\spring-boot-starter-test-3.1.7-SNAPSHOT.jar;C:\Users\Harsh Raj\.m2\repository\org\springframework\boot\spring-boot-test\3.1.7-SNAPSHOT\spring-boot-test-3.1.7-SNAPSHOT.jar;C:\Users\Harsh Raj\.m2\repository\org\springframework\boot\spring-boot-test-autoconfigure\3.1.7-SNAPSHOT\spring-boot-test-autoconfigure-3.1.7-SNAPSHOT.jar;C:\Users\Harsh Raj\.m2\repository\com\jayway\jsonpath\json-path\2.8.0\json-path-2.8.0.jar;C:\Users\Harsh Raj\.m2\repository\jakarta\xml\bind\jakarta.xml.bind-api\4.0.1\jakarta.xml.bind-api-4.0.1.jar;C:\Users\Harsh Raj\.m2\repository\jakarta\activation\jakarta.activation-api\2.1.2\jakarta.activation-api-2.1.2.jar;C:\Users\Harsh Raj\.m2\repository\net\minidev\json-smart\2.4.11\json-smart-2.4.11.jar;C:\Users\Harsh Raj\.m2\repository\net\minidev\accessors-smart\2.4.11\accessors-smart-2.4.11.jar;C:\Users\Harsh Raj\.m2\repository\org\ow2\asm\asm\9.3\asm-9.3.jar;C:\Users\Harsh Raj\.m2\repository\org\assertj\assertj-core\3.24.2\assertj-core-3.24.2.jar;C:\Users\Harsh Raj\.m2\repository\org\hamcrest\hamcrest\2.2\hamcrest-2.2.jar;C:\Users\Harsh Raj\.m2\repository\org\junit\jupiter\junit-jupiter\5.9.3\junit-jupiter-5.9.3.jar;C:\Users\Harsh Raj\.m2\repository\org\junit\jupiter\junit-jupiter-api\5.9.3\junit-jupiter-api-5.9.3.jar;C:\Users\Harsh Raj\.m2\repository\org\opentest4j\opentest4j\1.2.0\opentest4j-1.2.0.jar;C:\Users\Harsh Raj\.m2\repository\org\junit\platform\junit-platform-commons\1.9.3\junit-platform-commons-1.9.3.jar;C:\Users\Harsh Raj\.m2\repository\org\apiguardian\apiguardian-api\1.1.2\apiguardian-api-1.1.2.jar;C:\Users\Harsh Raj\.m2\repository\org\junit\jupiter\junit-jupiter-params\5.9.3\junit-jupiter-params-5.9.3.jar;C:\Users\Harsh Raj\.m2\repository\org\junit\jupiter\junit-jupiter-engine\5.9.3\junit-jupiter-engine-5.9.3.jar;C:\Users\Harsh Raj\.m2\repository\org\junit\platform\junit-platform-engine\1.9.3\junit-platform-engine-1.9.3.jar;C:\Users\Harsh Raj\.m2\repository\org\mockito\mockito-junit-jupiter\5.3.1\mockito-junit-jupiter-5.3.1.jar;C:\Users\Harsh Raj\.m2\repository\org\skyscreamer\jsonassert\1.5.1\jsonassert-1.5.1.jar;C:\Users\Harsh Raj\.m2\repository\com\vaadin\external\google\android-json\0.0.20131108.vaadin1\android-json-0.0.20131108.vaadin1.jar;C:\Users\Harsh Raj\.m2\repository\org\springframework\spring-core\6.0.15\spring-core-6.0.15.jar;C:\Users\Harsh Raj\.m2\repository\org\springframework\spring-jcl\6.0.15\spring-jcl-6.0.15.jar;C:\Users\Harsh Raj\.m2\repository\org\springframework\spring-test\6.0.15\spring-test-6.0.15.jar;C:\Users\Harsh Raj\.m2\repository\org\xmlunit\xmlunit-core\2.9.1\xmlunit-core-2.9.1.jar;C:\Users\Harsh Raj\.m2\repository\org\springframework\boot\spring-boot-starter-webflux\3.1.7-SNAPSHOT\spring-boot-starter-webflux-3.1.7-SNAPSHOT.jar;C:\Users\Harsh Raj\.m2\repository\org\springframework\boot\spring-boot-starter-reactor-netty\3.1.7-SNAPSHOT\spring-boot-starter-reactor-netty-3.1.7-SNAPSHOT.jar;C:\Users\Harsh Raj\.m2\repository\io\projectreactor\netty\reactor-netty-http\1.1.14\reactor-netty-http-1.1.14.jar;C:\Users\Harsh Raj\.m2\repository\io\netty\netty-codec-http\4.1.104.Final\netty-codec-http-4.1.104.Final.jar;C:\Users\Harsh Raj\.m2\repository\io\netty\netty-common\4.1.104.Final\netty-common-4.1.104.Final.jar;C:\Users\Harsh Raj\.m2\repository\io\netty\netty-buffer\4.1.104.Final\netty-buffer-4.1.104.Final.jar;C:\Users\Harsh Raj\.m2\repository\io\netty\netty-transport\4.1.104.Final\netty-transport-4.1.104.Final.jar;C:\Users\Harsh Raj\.m2\repository\io\netty\netty-codec\4.1.104.Final\netty-codec-4.1.104.Final.jar;C:\Users\Harsh Raj\.m2\repository\io\netty\netty-handler\4.1.104.Final\netty-handler-4.1.104.Final.jar;C:\Users\Harsh Raj\.m2\repository\io\netty\netty-codec-http2\4.1.104.Final\netty-codec-http2-4.1.104.Final.jar;C:\Users\Harsh Raj\.m2\repository\io\netty\netty-resolver-dns\4.1.104.Final\netty-resolver-dns-4.1.104.Final.jar;C:\Users\Harsh Raj\.m2\repository\io\netty\netty-resolver\4.1.104.Final\netty-resolver-4.1.104.Final.jar;C:\Users\Harsh Raj\.m2\repository\io\netty\netty-codec-dns\4.1.104.Final\netty-codec-dns-4.1.104.Final.jar;C:\Users\Harsh Raj\.m2\repository\io\netty\netty-resolver-dns-native-macos\4.1.104.Final\netty-resolver-dns-native-macos-4.1.104.Final-osx-x86_64.jar;C:\Users\Harsh Raj\.m2\repository\io\netty\netty-resolver-dns-classes-macos\4.1.104.Final\netty-resolver-dns-classes-macos-4.1.104.Final.jar;C:\Users\Harsh Raj\.m2\repository\io\netty\netty-transport-native-epoll\4.1.104.Final\netty-transport-native-epoll-4.1.104.Final-linux-x86_64.jar;C:\Users\Harsh Raj\.m2\repository\io\netty\netty-transport-native-unix-common\4.1.104.Final\netty-transport-native-unix-common-4.1.104.Final.jar;C:\Users\Harsh Raj\.m2\repository\io\netty\netty-transport-classes-epoll\4.1.104.Final\netty-transport-classes-epoll-4.1.104.Final.jar;C:\Users\Harsh Raj\.m2\repository\io\projectreactor\netty\reactor-netty-core\1.1.14\reactor-netty-core-1.1.14.jar;C:\Users\Harsh Raj\.m2\repository\io\netty\netty-handler-proxy\4.1.104.Final\netty-handler-proxy-4.1.104.Final.jar;C:\Users\Harsh Raj\.m2\repository\io\netty\netty-codec-socks\4.1.104.Final\netty-codec-socks-4.1.104.Final.jar;C:\Users\Harsh Raj\.m2\repository\org\springframework\spring-webflux\6.0.15\spring-webflux-6.0.15.jar;C:\Users\Harsh Raj\.m2\repository\io\projectreactor\reactor-core\3.5.13\reactor-core-3.5.13.jar;C:\Users\Harsh Raj\.m2\repository\org\reactivestreams\reactive-streams\1.0.4\reactive-streams-1.0.4.jar;C:\Users\Harsh Raj\.m2\repository\com\mysql\mysql-connector-j\8.0.31\mysql-connector-j-8.0.31.jar;C:\Users\Harsh Raj\.m2\repository\org\mockito\mockito-core\4.11.0\mockito-core-4.11.0.jar;C:\Users\Harsh Raj\.m2\repository\net\bytebuddy\byte-buddy\1.14.10\byte-buddy-1.14.10.jar;C:\Users\Harsh Raj\.m2\repository\net\bytebuddy\byte-buddy-agent\1.14.10\byte-buddy-agent-1.14.10.jar;C:\Users\Harsh Raj\.m2\repository\org\objenesis\objenesis\3.3\objenesis-3.3.jar;C:\Users\Harsh Raj\.m2\repository\junit\junit\4.13.2\junit-4.13.2.jar;C:\Users\Harsh Raj\.m2\repository\org\hamcrest\hamcrest-core\2.2\hamcrest-core-2.2.jar;C:\Users\Harsh Raj\.m2\repository\org\mockito\mockito-all\1.10.19\mockito-all-1.10.19.jar;"/>
    <property name="java.vm.vendor" value="Eclipse Adoptium"/>
    <property name="sun.arch.data.model" value="64"/>
    <property name="user.variant" value=""/>
    <property name="java.vendor.url" value="https://adoptium.net/"/>
    <property name="user.timezone" value="Asia/Calcutta"/>
    <property name="org.jboss.logging.provider" value="slf4j"/>
    <property name="os.name" value="Windows 11"/>
    <property name="java.vm.specification.version" value="17"/>
    <property name="sun.java.launcher" value="SUN_STANDARD"/>
    <property name="user.country" value="IN"/>
    <property name="sun.boot.library.path" value="C:\Users\Harsh Raj\.p2\pool\plugins\org.eclipse.justj.openjdk.hotspot.jre.full.win32.x86_64_17.0.9.v20231028-0858\jre\bin"/>
    <property name="sun.java.command" value="C:\Users\Harsh Raj\AppData\Local\Temp\surefire1890468417306612461\surefirebooter-20240331141815405_3.jar C:\Users\Harsh Raj\AppData\Local\Temp\surefire1890468417306612461 2024-03-31T14-18-10_542-jvmRun1 surefire-20240331141815405_1tmp surefire_0-20240331141815405_2tmp"/>
    <property name="jdk.debug" value="release"/>
    <property name="surefire.test.class.path" value="C:\Users\Harsh Raj\eclipse-workspace\MiniAssignmentTwo\target\test-classes;C:\Users\Harsh Raj\eclipse-workspace\MiniAssignmentTwo\target\classes;C:\Users\Harsh Raj\.m2\repository\org\springframework\boot\spring-boot-starter-web\3.1.7-SNAPSHOT\spring-boot-starter-web-3.1.7-SNAPSHOT.jar;C:\Users\Harsh Raj\.m2\repository\org\springframework\boot\spring-boot-starter\3.1.7-SNAPSHOT\spring-boot-starter-3.1.7-SNAPSHOT.jar;C:\Users\Harsh Raj\.m2\repository\org\springframework\boot\spring-boot-starter-logging\3.1.7-SNAPSHOT\spring-boot-starter-logging-3.1.7-SNAPSHOT.jar;C:\Users\Harsh Raj\.m2\repository\ch\qos\logback\logback-classic\1.4.14\logback-classic-1.4.14.jar;C:\Users\Harsh Raj\.m2\repository\ch\qos\logback\logback-core\1.4.14\logback-core-1.4.14.jar;C:\Users\Harsh Raj\.m2\repository\org\apache\logging\log4j\log4j-to-slf4j\2.20.0\log4j-to-slf4j-2.20.0.jar;C:\Users\Harsh Raj\.m2\repository\org\apache\logging\log4j\log4j-api\2.20.0\log4j-api-2.20.0.jar;C:\Users\Harsh Raj\.m2\repository\org\slf4j\jul-to-slf4j\2.0.9\jul-to-slf4j-2.0.9.jar;C:\Users\Harsh Raj\.m2\repository\jakarta\annotation\jakarta.annotation-api\2.1.1\jakarta.annotation-api-2.1.1.jar;C:\Users\Harsh Raj\.m2\repository\org\yaml\snakeyaml\1.33\snakeyaml-1.33.jar;C:\Users\Harsh Raj\.m2\repository\org\springframework\boot\spring-boot-starter-json\3.1.7-SNAPSHOT\spring-boot-starter-json-3.1.7-SNAPSHOT.jar;C:\Users\Harsh Raj\.m2\repository\com\fasterxml\jackson\core\jackson-databind\2.15.3\jackson-databind-2.15.3.jar;C:\Users\Harsh Raj\.m2\repository\com\fasterxml\jackson\core\jackson-annotations\2.15.3\jackson-annotations-2.15.3.jar;C:\Users\Harsh Raj\.m2\repository\com\fasterxml\jackson\core\jackson-core\2.15.3\jackson-core-2.15.3.jar;C:\Users\Harsh Raj\.m2\repository\com\fasterxml\jackson\datatype\jackson-datatype-jdk8\2.15.3\jackson-datatype-jdk8-2.15.3.jar;C:\Users\Harsh Raj\.m2\repository\com\fasterxml\jackson\datatype\jackson-datatype-jsr310\2.15.3\jackson-datatype-jsr310-2.15.3.jar;C:\Users\Harsh Raj\.m2\repository\com\fasterxml\jackson\module\jackson-module-parameter-names\2.15.3\jackson-module-parameter-names-2.15.3.jar;C:\Users\Harsh Raj\.m2\repository\org\springframework\boot\spring-boot-starter-tomcat\3.1.7-SNAPSHOT\spring-boot-starter-tomcat-3.1.7-SNAPSHOT.jar;C:\Users\Harsh Raj\.m2\repository\org\apache\tomcat\embed\tomcat-embed-core\10.1.17\tomcat-embed-core-10.1.17.jar;C:\Users\Harsh Raj\.m2\repository\org\apache\tomcat\embed\tomcat-embed-el\10.1.17\tomcat-embed-el-10.1.17.jar;C:\Users\Harsh Raj\.m2\repository\org\apache\tomcat\embed\tomcat-embed-websocket\10.1.17\tomcat-embed-websocket-10.1.17.jar;C:\Users\Harsh Raj\.m2\repository\org\springframework\spring-web\6.0.15\spring-web-6.0.15.jar;C:\Users\Harsh Raj\.m2\repository\org\springframework\spring-beans\6.0.15\spring-beans-6.0.15.jar;C:\Users\Harsh Raj\.m2\repository\io\micrometer\micrometer-observation\1.11.7\micrometer-observation-1.11.7.jar;C:\Users\Harsh Raj\.m2\repository\io\micrometer\micrometer-commons\1.11.7\micrometer-commons-1.11.7.jar;C:\Users\Harsh Raj\.m2\repository\org\springframework\spring-webmvc\6.0.15\spring-webmvc-6.0.15.jar;C:\Users\Harsh Raj\.m2\repository\org\springframework\spring-aop\6.0.15\spring-aop-6.0.15.jar;C:\Users\Harsh Raj\.m2\repository\org\springframework\spring-context\6.0.15\spring-context-6.0.15.jar;C:\Users\Harsh Raj\.m2\repository\org\springframework\spring-expression\6.0.15\spring-expression-6.0.15.jar;C:\Users\Harsh Raj\.m2\repository\org\springframework\boot\spring-boot-starter-data-jpa\3.1.7-SNAPSHOT\spring-boot-starter-data-jpa-3.1.7-SNAPSHOT.jar;C:\Users\Harsh Raj\.m2\repository\org\springframework\boot\spring-boot-starter-aop\3.1.7-SNAPSHOT\spring-boot-starter-aop-3.1.7-SNAPSHOT.jar;C:\Users\Harsh Raj\.m2\repository\org\aspectj\aspectjweaver\1.9.21\aspectjweaver-1.9.21.jar;C:\Users\Harsh Raj\.m2\repository\org\springframework\boot\spring-boot-starter-jdbc\3.1.7-SNAPSHOT\spring-boot-starter-jdbc-3.1.7-SNAPSHOT.jar;C:\Users\Harsh Raj\.m2\repository\com\zaxxer\HikariCP\5.0.1\HikariCP-5.0.1.jar;C:\Users\Harsh Raj\.m2\repository\org\springframework\spring-jdbc\6.0.15\spring-jdbc-6.0.15.jar;C:\Users\Harsh Raj\.m2\repository\org\hibernate\orm\hibernate-core\6.2.17.Final\hibernate-core-6.2.17.Final.jar;C:\Users\Harsh Raj\.m2\repository\jakarta\persistence\jakarta.persistence-api\3.1.0\jakarta.persistence-api-3.1.0.jar;C:\Users\Harsh Raj\.m2\repository\jakarta\transaction\jakarta.transaction-api\2.0.1\jakarta.transaction-api-2.0.1.jar;C:\Users\Harsh Raj\.m2\repository\org\jboss\logging\jboss-logging\3.5.3.Final\jboss-logging-3.5.3.Final.jar;C:\Users\Harsh Raj\.m2\repository\org\hibernate\common\hibernate-commons-annotations\6.0.6.Final\hibernate-commons-annotations-6.0.6.Final.jar;C:\Users\Harsh Raj\.m2\repository\io\smallrye\jandex\3.0.5\jandex-3.0.5.jar;C:\Users\Harsh Raj\.m2\repository\com\fasterxml\classmate\1.5.1\classmate-1.5.1.jar;C:\Users\Harsh Raj\.m2\repository\org\glassfish\jaxb\jaxb-runtime\4.0.4\jaxb-runtime-4.0.4.jar;C:\Users\Harsh Raj\.m2\repository\org\glassfish\jaxb\jaxb-core\4.0.4\jaxb-core-4.0.4.jar;C:\Users\Harsh Raj\.m2\repository\org\eclipse\angus\angus-activation\2.0.1\angus-activation-2.0.1.jar;C:\Users\Harsh Raj\.m2\repository\org\glassfish\jaxb\txw2\4.0.4\txw2-4.0.4.jar;C:\Users\Harsh Raj\.m2\repository\com\sun\istack\istack-commons-runtime\4.1.2\istack-commons-runtime-4.1.2.jar;C:\Users\Harsh Raj\.m2\repository\jakarta\inject\jakarta.inject-api\2.0.1\jakarta.inject-api-2.0.1.jar;C:\Users\Harsh Raj\.m2\repository\org\antlr\antlr4-runtime\4.10.1\antlr4-runtime-4.10.1.jar;C:\Users\Harsh Raj\.m2\repository\org\springframework\data\spring-data-jpa\3.1.7\spring-data-jpa-3.1.7.jar;C:\Users\Harsh Raj\.m2\repository\org\springframework\data\spring-data-commons\3.1.7\spring-data-commons-3.1.7.jar;C:\Users\Harsh Raj\.m2\repository\org\springframework\spring-orm\6.0.15\spring-orm-6.0.15.jar;C:\Users\Harsh Raj\.m2\repository\org\springframework\spring-tx\6.0.15\spring-tx-6.0.15.jar;C:\Users\Harsh Raj\.m2\repository\org\slf4j\slf4j-api\2.0.9\slf4j-api-2.0.9.jar;C:\Users\Harsh Raj\.m2\repository\org\springframework\spring-aspects\6.0.15\spring-aspects-6.0.15.jar;C:\Users\Harsh Raj\.m2\repository\org\springframework\boot\spring-boot-devtools\3.1.7-SNAPSHOT\spring-boot-devtools-3.1.7-SNAPSHOT.jar;C:\Users\Harsh Raj\.m2\repository\org\springframework\boot\spring-boot\3.1.7-SNAPSHOT\spring-boot-3.1.7-SNAPSHOT.jar;C:\Users\Harsh Raj\.m2\repository\org\springframework\boot\spring-boot-autoconfigure\3.1.7-SNAPSHOT\spring-boot-autoconfigure-3.1.7-SNAPSHOT.jar;C:\Users\Harsh Raj\.m2\repository\org\springframework\boot\spring-boot-starter-test\3.1.7-SNAPSHOT\spring-boot-starter-test-3.1.7-SNAPSHOT.jar;C:\Users\Harsh Raj\.m2\repository\org\springframework\boot\spring-boot-test\3.1.7-SNAPSHOT\spring-boot-test-3.1.7-SNAPSHOT.jar;C:\Users\Harsh Raj\.m2\repository\org\springframework\boot\spring-boot-test-autoconfigure\3.1.7-SNAPSHOT\spring-boot-test-autoconfigure-3.1.7-SNAPSHOT.jar;C:\Users\Harsh Raj\.m2\repository\com\jayway\jsonpath\json-path\2.8.0\json-path-2.8.0.jar;C:\Users\Harsh Raj\.m2\repository\jakarta\xml\bind\jakarta.xml.bind-api\4.0.1\jakarta.xml.bind-api-4.0.1.jar;C:\Users\Harsh Raj\.m2\repository\jakarta\activation\jakarta.activation-api\2.1.2\jakarta.activation-api-2.1.2.jar;C:\Users\Harsh Raj\.m2\repository\net\minidev\json-smart\2.4.11\json-smart-2.4.11.jar;C:\Users\Harsh Raj\.m2\repository\net\minidev\accessors-smart\2.4.11\accessors-smart-2.4.11.jar;C:\Users\Harsh Raj\.m2\repository\org\ow2\asm\asm\9.3\asm-9.3.jar;C:\Users\Harsh Raj\.m2\repository\org\assertj\assertj-core\3.24.2\assertj-core-3.24.2.jar;C:\Users\Harsh Raj\.m2\repository\org\hamcrest\hamcrest\2.2\hamcrest-2.2.jar;C:\Users\Harsh Raj\.m2\repository\org\junit\jupiter\junit-jupiter\5.9.3\junit-jupiter-5.9.3.jar;C:\Users\Harsh Raj\.m2\repository\org\junit\jupiter\junit-jupiter-api\5.9.3\junit-jupiter-api-5.9.3.jar;C:\Users\Harsh Raj\.m2\repository\org\opentest4j\opentest4j\1.2.0\opentest4j-1.2.0.jar;C:\Users\Harsh Raj\.m2\repository\org\junit\platform\junit-platform-commons\1.9.3\junit-platform-commons-1.9.3.jar;C:\Users\Harsh Raj\.m2\repository\org\apiguardian\apiguardian-api\1.1.2\apiguardian-api-1.1.2.jar;C:\Users\Harsh Raj\.m2\repository\org\junit\jupiter\junit-jupiter-params\5.9.3\junit-jupiter-params-5.9.3.jar;C:\Users\Harsh Raj\.m2\repository\org\junit\jupiter\junit-jupiter-engine\5.9.3\junit-jupiter-engine-5.9.3.jar;C:\Users\Harsh Raj\.m2\repository\org\junit\platform\junit-platform-engine\1.9.3\junit-platform-engine-1.9.3.jar;C:\Users\Harsh Raj\.m2\repository\org\mockito\mockito-junit-jupiter\5.3.1\mockito-junit-jupiter-5.3.1.jar;C:\Users\Harsh Raj\.m2\repository\org\skyscreamer\jsonassert\1.5.1\jsonassert-1.5.1.jar;C:\Users\Harsh Raj\.m2\repository\com\vaadin\external\google\android-json\0.0.20131108.vaadin1\android-json-0.0.20131108.vaadin1.jar;C:\Users\Harsh Raj\.m2\repository\org\springframework\spring-core\6.0.15\spring-core-6.0.15.jar;C:\Users\Harsh Raj\.m2\repository\org\springframework\spring-jcl\6.0.15\spring-jcl-6.0.15.jar;C:\Users\Harsh Raj\.m2\repository\org\springframework\spring-test\6.0.15\spring-test-6.0.15.jar;C:\Users\Harsh Raj\.m2\repository\org\xmlunit\xmlunit-core\2.9.1\xmlunit-core-2.9.1.jar;C:\Users\Harsh Raj\.m2\repository\org\springframework\boot\spring-boot-starter-webflux\3.1.7-SNAPSHOT\spring-boot-starter-webflux-3.1.7-SNAPSHOT.jar;C:\Users\Harsh Raj\.m2\repository\org\springframework\boot\spring-boot-starter-reactor-netty\3.1.7-SNAPSHOT\spring-boot-starter-reactor-netty-3.1.7-SNAPSHOT.jar;C:\Users\Harsh Raj\.m2\repository\io\projectreactor\netty\reactor-netty-http\1.1.14\reactor-netty-http-1.1.14.jar;C:\Users\Harsh Raj\.m2\repository\io\netty\netty-codec-http\4.1.104.Final\netty-codec-http-4.1.104.Final.jar;C:\Users\Harsh Raj\.m2\repository\io\netty\netty-common\4.1.104.Final\netty-common-4.1.104.Final.jar;C:\Users\Harsh Raj\.m2\repository\io\netty\netty-buffer\4.1.104.Final\netty-buffer-4.1.104.Final.jar;C:\Users\Harsh Raj\.m2\repository\io\netty\netty-transport\4.1.104.Final\netty-transport-4.1.104.Final.jar;C:\Users\Harsh Raj\.m2\repository\io\netty\netty-codec\4.1.104.Final\netty-codec-4.1.104.Final.jar;C:\Users\Harsh Raj\.m2\repository\io\netty\netty-handler\4.1.104.Final\netty-handler-4.1.104.Final.jar;C:\Users\Harsh Raj\.m2\repository\io\netty\netty-codec-http2\4.1.104.Final\netty-codec-http2-4.1.104.Final.jar;C:\Users\Harsh Raj\.m2\repository\io\netty\netty-resolver-dns\4.1.104.Final\netty-resolver-dns-4.1.104.Final.jar;C:\Users\Harsh Raj\.m2\repository\io\netty\netty-resolver\4.1.104.Final\netty-resolver-4.1.104.Final.jar;C:\Users\Harsh Raj\.m2\repository\io\netty\netty-codec-dns\4.1.104.Final\netty-codec-dns-4.1.104.Final.jar;C:\Users\Harsh Raj\.m2\repository\io\netty\netty-resolver-dns-native-macos\4.1.104.Final\netty-resolver-dns-native-macos-4.1.104.Final-osx-x86_64.jar;C:\Users\Harsh Raj\.m2\repository\io\netty\netty-resolver-dns-classes-macos\4.1.104.Final\netty-resolver-dns-classes-macos-4.1.104.Final.jar;C:\Users\Harsh Raj\.m2\repository\io\netty\netty-transport-native-epoll\4.1.104.Final\netty-transport-native-epoll-4.1.104.Final-linux-x86_64.jar;C:\Users\Harsh Raj\.m2\repository\io\netty\netty-transport-native-unix-common\4.1.104.Final\netty-transport-native-unix-common-4.1.104.Final.jar;C:\Users\Harsh Raj\.m2\repository\io\netty\netty-transport-classes-epoll\4.1.104.Final\netty-transport-classes-epoll-4.1.104.Final.jar;C:\Users\Harsh Raj\.m2\repository\io\projectreactor\netty\reactor-netty-core\1.1.14\reactor-netty-core-1.1.14.jar;C:\Users\Harsh Raj\.m2\repository\io\netty\netty-handler-proxy\4.1.104.Final\netty-handler-proxy-4.1.104.Final.jar;C:\Users\Harsh Raj\.m2\repository\io\netty\netty-codec-socks\4.1.104.Final\netty-codec-socks-4.1.104.Final.jar;C:\Users\Harsh Raj\.m2\repository\org\springframework\spring-webflux\6.0.15\spring-webflux-6.0.15.jar;C:\Users\Harsh Raj\.m2\repository\io\projectreactor\reactor-core\3.5.13\reactor-core-3.5.13.jar;C:\Users\Harsh Raj\.m2\repository\org\reactivestreams\reactive-streams\1.0.4\reactive-streams-1.0.4.jar;C:\Users\Harsh Raj\.m2\repository\com\mysql\mysql-connector-j\8.0.31\mysql-connector-j-8.0.31.jar;C:\Users\Harsh Raj\.m2\repository\org\mockito\mockito-core\4.11.0\mockito-core-4.11.0.jar;C:\Users\Harsh Raj\.m2\repository\net\bytebuddy\byte-buddy\1.14.10\byte-buddy-1.14.10.jar;C:\Users\Harsh Raj\.m2\repository\net\bytebuddy\byte-buddy-agent\1.14.10\byte-buddy-agent-1.14.10.jar;C:\Users\Harsh Raj\.m2\repository\org\objenesis\objenesis\3.3\objenesis-3.3.jar;C:\Users\Harsh Raj\.m2\repository\junit\junit\4.13.2\junit-4.13.2.jar;C:\Users\Harsh Raj\.m2\repository\org\hamcrest\hamcrest-core\2.2\hamcrest-core-2.2.jar;C:\Users\Harsh Raj\.m2\repository\org\mockito\mockito-all\1.10.19\mockito-all-1.10.19.jar;"/>
    <property name="sun.cpu.endian" value="little"/>
    <property name="user.home" value="C:\Users\Harsh Raj"/>
    <property name="user.language" value="en"/>
    <property name="java.specification.vendor" value="Oracle Corporation"/>
    <property name="java.version.date" value="2023-10-17"/>
    <property name="java.home" value="C:\Users\Harsh Raj\.p2\pool\plugins\org.eclipse.justj.openjdk.hotspot.jre.full.win32.x86_64_17.0.9.v20231028-0858\jre"/>
    <property name="file.separator" value="\"/>
    <property name="style.color" value="always"/>
    <property name="basedir" value="C:\Users\Harsh Raj\eclipse-workspace\MiniAssignmentTwo"/>
    <property name="java.vm.compressedOopsMode" value="Zero based"/>
    <property name="line.separator" value="&#10;"/>
    <property name="java.vm.specification.vendor" value="Oracle Corporation"/>
    <property name="java.specification.name" value="Java Platform API Specification"/>
    <property name="FILE_LOG_CHARSET" value="windows-1252"/>
    <property name="java.awt.headless" value="true"/>
    <property name="surefire.real.class.path" value="C:\Users\Harsh Raj\AppData\Local\Temp\surefire1890468417306612461\surefirebooter-20240331141815405_3.jar"/>
    <property name="user.script" value=""/>
    <property name="sun.management.compiler" value="HotSpot 64-Bit Tiered Compilers"/>
    <property name="java.runtime.version" value="17.0.9+9"/>
    <property name="user.name" value="Harsh Raj"/>
    <property name="path.separator" value=";"/>
    <property name="os.version" value="10.0"/>
    <property name="java.runtime.name" value="OpenJDK Runtime Environment"/>
    <property name="file.encoding" value="Cp1252"/>
    <property name="java.vm.name" value="OpenJDK 64-Bit Server VM"/>
    <property name="java.vendor.version" value="Temurin-17.0.9+9"/>
    <property name="localRepository" value="C:\Users\Harsh Raj\.m2\repository"/>
    <property name="java.vendor.url.bug" value="https://github.com/adoptium/adoptium-support/issues"/>
    <property name="java.io.tmpdir" value="C:\Users\HARSHR~1\AppData\Local\Temp\"/>
    <property name="com.zaxxer.hikari.pool_number" value="1"/>
    <property name="java.version" value="17.0.9"/>
    <property name="user.dir" value="C:\Users\Harsh Raj\eclipse-workspace\MiniAssignmentTwo"/>
    <property name="os.arch" value="amd64"/>
    <property name="java.vm.specification.name" value="Java Virtual Machine Specification"/>
    <property name="PID" value="26544"/>
    <property name="sun.os.patch.level" value=""/>
    <property name="CONSOLE_LOG_CHARSET" value="windows-1252"/>
    <property name="native.encoding" value="Cp1252"/>
    <property name="java.library.path" value="C:\Users\Harsh Raj\.p2\pool\plugins\org.eclipse.justj.openjdk.hotspot.jre.full.win32.x86_64_17.0.9.v20231028-0858\jre\bin;C:\WINDOWS\Sun\Java\bin;C:\WINDOWS\system32;C:\WINDOWS;C:/Users/Harsh Raj/.p2/pool/plugins/org.eclipse.justj.openjdk.hotspot.jre.full.win32.x86_64_17.0.9.v20231028-0858/jre/bin/server;C:/Users/Harsh Raj/.p2/pool/plugins/org.eclipse.justj.openjdk.hotspot.jre.full.win32.x86_64_17.0.9.v20231028-0858/jre/bin;C:\Program Files\Common Files\Oracle\Java\javapath;C:\Program Files\NVIDIA GPU Computing Toolkit\CUDA\v11.7\bin;C:\Program Files\NVIDIA GPU Computing Toolkit\CUDA\v11.7\libnvvp;C:\Program Files\NVIDIA GPU Computing Toolkit\CUDA\v11.2\bin;C:\Program Files\NVIDIA GPU Computing Toolkit\CUDA\v11.2\libnvvp;C:\windows\system32;C:\windows;C:\windows\System32\Wbem;C:\windows\System32\WindowsPowerShell\v1.0\;C:\windows\System32\OpenSSH\;C:\Program Files (x86)\NVIDIA Corporation\PhysX\Common;C:\Program Files\NVIDIA Corporation\NVIDIA NvDLISR;C:\Python;C:\WINDOWS\system32;C:\WINDOWS;C:\WINDOWS\System32\Wbem;C:\WINDOWS\System32\WindowsPowerShell\v1.0\;C:\WINDOWS\System32\OpenSSH\;C:\Program Files\Git\cmd;C:\Program Files\NVIDIA Corporation\Nsight Compute 2022.2.0\;C:\Program Files\MySQL\MySQL Server 8.0\bin;C:\Program Files\Java\jdk-17\bin;C:\Program Files\apache-maven-3.8.8\bin;C:\Program Files\nodejs\;C:\Program Files\MySQL\MySQL Shell 8.0\bin\;C:\Users\Harsh Raj\AppData\Local\Programs\Python\Python310\Scripts\;C:\Users\Harsh Raj\AppData\Local\Programs\Python\Python310\;D:\Python3.7\Scripts\;D:\Python3.7\;D:\Python\Scripts\;D:\Python\;D:\Scripts\;D:\;C:\Users\Harsh Raj\AppData\Local\Microsoft\WindowsApps;D:\PyCharm Community Edition 2023.3.4\bin;;D:\Microsoft VS Code\bin;C:\MinGW\bin;C:\Users\Harsh Raj\AppData\Local\GitHubDesktop\bin;C:\Program Files\NVIDIA GPU Computing Toolkit\CUDA\v11.2\bin;C:\Program Files\NVIDIA GPU Computing Toolkit\CUDA\v11.2\libnvvp;C:\Users\Harsh Raj\AppData\Roaming\npm;C:\WINDOWS\System32;;."/>
    <property name="java.vm.info" value="mixed mode"/>
    <property name="java.vendor" value="Eclipse Adoptium"/>
    <property name="java.vm.version" value="17.0.9+9"/>
    <property name="sun.io.unicode.encoding" value="UnicodeLittle"/>
    <property name="java.class.version" value="61.0"/>
  </properties>
  <testcase name="testVerifyUser_ValidSize_ReturnsUsersFlux" classname="com.nagarro.training.miniassignmenttwo.controller.ApiControllerTest" time="0.095">
    <system-out><![CDATA[14:18:16.887 [main] INFO org.springframework.boot.devtools.restart.RestartApplicationListener -- Restart disabled due to context in which it is running

  .   ____          _            __ _ _
 /\\ / ___'_ __ _ _(_)_ __  __ _ \ \ \ \
( ( )\___ | '_ | '_| | '_ \/ _` | \ \ \ \
 \\/  ___)| |_)| | | | | || (_| |  ) ) ) )
  '  |____| .__|_| |_|_| |_\__, | / / / /
 =========|_|==============|___/=/_/_/_/
 :: Spring Boot ::       (v3.1.7-SNAPSHOT)

2024-03-31T14:18:17.241+05:30  INFO 26544 --- [           main] c.n.t.m.controller.ApiControllerTest     : Starting ApiControllerTest using Java 17.0.9 with PID 26544 (started by Harsh Raj in C:\Users\Harsh Raj\eclipse-workspace\MiniAssignmentTwo)
2024-03-31T14:18:17.242+05:30  INFO 26544 --- [           main] c.n.t.m.controller.ApiControllerTest     : No active profile set, falling back to 1 default profile: "default"
2024-03-31T14:18:18.183+05:30  INFO 26544 --- [           main] .s.d.r.c.RepositoryConfigurationDelegate : Bootstrapping Spring Data JPA repositories in DEFAULT mode.
2024-03-31T14:18:18.379+05:30  INFO 26544 --- [           main] .s.d.r.c.RepositoryConfigurationDelegate : Finished Spring Data repository scanning in 184 ms. Found 1 JPA repository interface.
2024-03-31T14:18:18.975+05:30  INFO 26544 --- [           main] o.hibernate.jpa.internal.util.LogHelper  : HHH000204: Processing PersistenceUnitInfo [name: default]
2024-03-31T14:18:19.063+05:30  INFO 26544 --- [           main] org.hibernate.Version                    : HHH000412: Hibernate ORM core version 6.2.17.Final
2024-03-31T14:18:19.067+05:30  INFO 26544 --- [           main] org.hibernate.cfg.Environment            : HHH000406: Using bytecode reflection optimizer
2024-03-31T14:18:19.512+05:30  INFO 26544 --- [           main] o.s.o.j.p.SpringPersistenceUnitInfo      : No LoadTimeWeaver setup: ignoring JPA class transformer
2024-03-31T14:18:19.558+05:30  INFO 26544 --- [           main] com.zaxxer.hikari.HikariDataSource       : HikariPool-1 - Starting...
2024-03-31T14:18:19.980+05:30  INFO 26544 --- [           main] com.zaxxer.hikari.pool.HikariPool        : HikariPool-1 - Added connection com.mysql.cj.jdbc.ConnectionImpl@10a0d93a
2024-03-31T14:18:19.983+05:30  INFO 26544 --- [           main] com.zaxxer.hikari.HikariDataSource       : HikariPool-1 - Start completed.
2024-03-31T14:18:21.120+05:30  INFO 26544 --- [           main] o.h.e.t.j.p.i.JtaPlatformInitiator       : HHH000489: No JTA platform available (set 'hibernate.transaction.jta.platform' to enable JTA platform integration)
2024-03-31T14:18:21.192+05:30  INFO 26544 --- [           main] j.LocalContainerEntityManagerFactoryBean : Initialized JPA EntityManagerFactory for persistence unit 'default'
2024-03-31T14:18:22.475+05:30  WARN 26544 --- [           main] JpaBaseConfiguration$JpaWebConfiguration : spring.jpa.open-in-view is enabled by default. Therefore, database queries may be performed during view rendering. Explicitly configure spring.jpa.open-in-view to disable this warning
2024-03-31T14:18:22.964+05:30  INFO 26544 --- [           main] c.n.t.m.controller.ApiControllerTest     : Started ApiControllerTest in 6.106 seconds (process running for 7.452)
]]></system-out>
  </testcase>
  <testcase name="testFetchUserData_InvalidSortTypeParam_ThrowsValidationException" classname="com.nagarro.training.miniassignmenttwo.controller.ApiControllerTest" time="0.005"/>
  <testcase name="testVerifyUser_InvalidSize_ThrowsValidationException" classname="com.nagarro.training.miniassignmenttwo.controller.ApiControllerTest" time="0.002"/>
  <testcase name="testFetchUserData_ValidParameters_ReturnsListApiResponse" classname="com.nagarro.training.miniassignmenttwo.controller.ApiControllerTest" time="0.003"/>
  <testcase name="testFetchUserData_InvalidLimitParam_ThrowsValidationException" classname="com.nagarro.training.miniassignmenttwo.controller.ApiControllerTest" time="0.003"/>
</testsuite>